<?xml version="1.0" encoding="UTF-8"?>
<!-- Generated by org.testng.reporters.JUnitXMLReporter -->
<testsuite ignored="0" hostname="LAPTOP-JA2VHB8L" failures="0" tests="6" name="Default test" time="5.271" errors="0" timestamp="2023-07-26T21:52:59 ICT">
  <testcase classname="files.DynamicJson" name="addBook" time="2.011"/>
  <testcase classname="files.DynamicJson" name="addBook" time="0.648"/>
  <testcase classname="files.DynamicJson" name="addBook" time="0.643"/>
  <testcase classname="files.DynamicJson" name="deleteBook" time="0.646"/>
  <testcase classname="files.DynamicJson" name="deleteBook" time="0.629"/>
  <testcase classname="files.DynamicJson" name="deleteBook" time="0.65"/>
</testsuite> <!-- Default test -->
