<?xml version="1.0" encoding="UTF-8"?>
<testng-results ignored="0" total="6" passed="6" failed="0" skipped="0">
  <reporter-output>
  </reporter-output>
  <suite started-at="2023-07-26T21:52:54 ICT" name="Default suite" finished-at="2023-07-26T21:52:59 ICT" duration-ms="5271">
    <groups>
    </groups>
    <test started-at="2023-07-26T21:52:54 ICT" name="Default test" finished-at="2023-07-26T21:52:59 ICT" duration-ms="5271">
      <class name="files.DynamicJson">
        <test-method signature="addBook(java.lang.String,java.lang.String)[pri:0, instance:files.DynamicJson@2ef3eef9]" started-at="2023-07-26T21:52:54 ICT" name="addBook" data-provider="BooksData" finished-at="2023-07-26T21:52:56 ICT" duration-ms="2011" status="PASS">
          <params>
            <param index="0">
              <value>
                <![CDATA[wefs]]>
              </value>
            </param>
            <param index="1">
              <value>
                <![CDATA[1232]]>
              </value>
            </param>
          </params>
          <reporter-output>
          </reporter-output>
        </test-method> <!-- addBook -->
        <test-method signature="addBook(java.lang.String,java.lang.String)[pri:0, instance:files.DynamicJson@2ef3eef9]" started-at="2023-07-26T21:52:56 ICT" name="addBook" data-provider="BooksData" finished-at="2023-07-26T21:52:57 ICT" duration-ms="648" status="PASS">
          <params>
            <param index="0">
              <value>
                <![CDATA[qsfx]]>
              </value>
            </param>
            <param index="1">
              <value>
                <![CDATA[2445]]>
              </value>
            </param>
          </params>
          <reporter-output>
          </reporter-output>
        </test-method> <!-- addBook -->
        <test-method signature="addBook(java.lang.String,java.lang.String)[pri:0, instance:files.DynamicJson@2ef3eef9]" started-at="2023-07-26T21:52:57 ICT" name="addBook" data-provider="BooksData" finished-at="2023-07-26T21:52:57 ICT" duration-ms="643" status="PASS">
          <params>
            <param index="0">
              <value>
                <![CDATA[vbgh]]>
              </value>
            </param>
            <param index="1">
              <value>
                <![CDATA[8745]]>
              </value>
            </param>
          </params>
          <reporter-output>
          </reporter-output>
        </test-method> <!-- addBook -->
        <test-method signature="deleteBook(java.lang.String,java.lang.String)[pri:0, instance:files.DynamicJson@2ef3eef9]" started-at="2023-07-26T21:52:57 ICT" name="deleteBook" data-provider="BooksData" finished-at="2023-07-26T21:52:58 ICT" duration-ms="646" status="PASS">
          <params>
            <param index="0">
              <value>
                <![CDATA[wefs]]>
              </value>
            </param>
            <param index="1">
              <value>
                <![CDATA[1232]]>
              </value>
            </param>
          </params>
          <reporter-output>
          </reporter-output>
        </test-method> <!-- deleteBook -->
        <test-method signature="deleteBook(java.lang.String,java.lang.String)[pri:0, instance:files.DynamicJson@2ef3eef9]" started-at="2023-07-26T21:52:58 ICT" name="deleteBook" data-provider="BooksData" finished-at="2023-07-26T21:52:59 ICT" duration-ms="629" status="PASS">
          <params>
            <param index="0">
              <value>
                <![CDATA[qsfx]]>
              </value>
            </param>
            <param index="1">
              <value>
                <![CDATA[2445]]>
              </value>
            </param>
          </params>
          <reporter-output>
          </reporter-output>
        </test-method> <!-- deleteBook -->
        <test-method signature="deleteBook(java.lang.String,java.lang.String)[pri:0, instance:files.DynamicJson@2ef3eef9]" started-at="2023-07-26T21:52:59 ICT" name="deleteBook" data-provider="BooksData" finished-at="2023-07-26T21:52:59 ICT" duration-ms="650" status="PASS">
          <params>
            <param index="0">
              <value>
                <![CDATA[vbgh]]>
              </value>
            </param>
            <param index="1">
              <value>
                <![CDATA[8745]]>
              </value>
            </param>
          </params>
          <reporter-output>
          </reporter-output>
        </test-method> <!-- deleteBook -->
      </class> <!-- files.DynamicJson -->
    </test> <!-- Default test -->
  </suite> <!-- Default suite -->
</testng-results>
